<?xml version="1.0" encoding="UTF-8"?>
<!-- Generated by org.testng.reporters.JUnitReportReporter -->
<testsuite skipped="0" hostname="DESKTOP-Aranya1" name="tests.FlipkartTest" tests="1" failures="0" timestamp="23 Apr 2021 07:13:06 GMT" time="19.409" errors="0">
  <testcase name="FlipkartHomePage_LinkTest" time="19.409" classname="tests.FlipkartTest"/>
</testsuite> <!-- tests.FlipkartTest -->
