<?xml version="1.0" encoding="UTF-8"?>
<!-- Generated by org.testng.reporters.JUnitReportReporter -->
<testsuite skipped="0" hostname="DESKTOP-Aranya1" name="tests.EbayTest" tests="1" failures="0" timestamp="23 Apr 2021 07:13:06 GMT" time="10.255" errors="0">
  <testcase name="Ebay_ProductSearchTest" time="10.255" classname="tests.EbayTest"/>
</testsuite> <!-- tests.EbayTest -->
